<?xml version="1.0" encoding="UTF-8"?>
<!-- Generated by org.testng.reporters.JUnitReportReporter -->
<testsuite skipped="0" hostname="DESKTOP-LKHC9K7" name="com.hybrid.testcases.YourCartPageTC" tests="2" failures="0" timestamp="13 Sep 2022 12:18:17 GMT" time="13.326" errors="0">
  <testcase name="verifyCheckoutBtnTest" time="7.922" classname="com.hybrid.testcases.YourCartPageTC"/>
  <testcase name="verifyYourCartPageTitleTest" time="5.404" classname="com.hybrid.testcases.YourCartPageTC"/>
</testsuite> <!-- com.hybrid.testcases.YourCartPageTC -->
