<?xml version="1.0" encoding="UTF-8"?>
<!-- Generated by org.testng.reporters.JUnitReportReporter -->
<testsuite skipped="0" hostname="DESKTOP-LKHC9K7" name="com.hybrid.testcases.CheckoutOverviewPageTC" tests="1" failures="0" timestamp="13 Sep 2022 12:18:17 GMT" time="6.803" errors="0">
  <testcase name="verifyFinishBtnTest" time="6.803" classname="com.hybrid.testcases.CheckoutOverviewPageTC"/>
</testsuite> <!-- com.hybrid.testcases.CheckoutOverviewPageTC -->
