<?xml version="1.0" encoding="UTF-8"?>
<!-- Generated by org.testng.reporters.JUnitReportReporter -->
<testsuite skipped="0" hostname="DESKTOP-LKHC9K7" name="com.hybrid.testcases.CheckoutPageTC" tests="2" failures="0" timestamp="13 Sep 2022 12:18:17 GMT" time="11.938" errors="0">
  <testcase name="verifyContinueBtnTest" time="6.567" classname="com.hybrid.testcases.CheckoutPageTC"/>
  <testcase name="verifyCheckoutPageTitleTest" time="5.371" classname="com.hybrid.testcases.CheckoutPageTC"/>
</testsuite> <!-- com.hybrid.testcases.CheckoutPageTC -->
