<?xml version="1.0" encoding="UTF-8"?>
<!-- Generated by org.testng.reporters.JUnitReportReporter -->
<testsuite skipped="0" hostname="DESKTOP-LKHC9K7" name="com.hybrid.testcases.ProductsPageTC" tests="5" failures="0" timestamp="13 Sep 2022 12:18:17 GMT" time="28.517" errors="0">
  <testcase name="verifyProductsPageTitleTest" time="6.124" classname="com.hybrid.testcases.ProductsPageTC"/>
  <testcase name="validateBackpackNameTest" time="5.509" classname="com.hybrid.testcases.ProductsPageTC"/>
  <testcase name="verifyAddToCartBtnTest" time="5.763" classname="com.hybrid.testcases.ProductsPageTC"/>
  <testcase name="verifyBackpackNameTest" time="5.681" classname="com.hybrid.testcases.ProductsPageTC"/>
  <testcase name="verifyCartBtnTest" time="5.440" classname="com.hybrid.testcases.ProductsPageTC"/>
</testsuite> <!-- com.hybrid.testcases.ProductsPageTC -->
