<?xml version="1.0" encoding="UTF-8"?>
<!-- Generated by org.testng.reporters.JUnitReportReporter -->
<testsuite skipped="0" hostname="DESKTOP-LKHC9K7" name="com.hybrid.testcases.LoginPageTC" tests="2" failures="0" timestamp="13 Sep 2022 12:18:17 GMT" time="13.277" errors="0">
  <testcase name="loginTest" time="5.447" classname="com.hybrid.testcases.LoginPageTC"/>
  <testcase name="verifyLoginPageTitleTest" time="7.830" classname="com.hybrid.testcases.LoginPageTC"/>
</testsuite> <!-- com.hybrid.testcases.LoginPageTC -->
