<?xml version="1.0" encoding="UTF-8"?>
<!-- Generated by org.testng.reporters.JUnitReportReporter -->
<testsuite hostname="DESKTOP-LKHC9K7" failures="0" tests="1" name="com.hybrid.testcases.CheckoutOverviewPageTC" time="7.299" errors="0" timestamp="14 Sep 2022 06:22:10 GMT" skipped="0">
  <testcase classname="com.hybrid.testcases.CheckoutOverviewPageTC" name="verifyFinishBtnTest" time="7.299"/>
</testsuite> <!-- com.hybrid.testcases.CheckoutOverviewPageTC -->
