<?xml version="1.0" encoding="UTF-8"?>
<!-- Generated by org.testng.reporters.JUnitReportReporter -->
<testsuite hostname="DESKTOP-LKHC9K7" failures="0" tests="2" name="com.hybrid.testcases.YourCartPageTC" time="12.749" errors="0" timestamp="14 Sep 2022 06:22:10 GMT" skipped="0">
  <testcase classname="com.hybrid.testcases.YourCartPageTC" name="verifyYourCartPageTitleTest" time="7.259"/>
  <testcase classname="com.hybrid.testcases.YourCartPageTC" name="verifyCheckoutBtnTest" time="5.490"/>
</testsuite> <!-- com.hybrid.testcases.YourCartPageTC -->
