<?xml version="1.0" encoding="UTF-8"?>
<!-- Generated by org.testng.reporters.JUnitReportReporter -->
<testsuite hostname="DESKTOP-LKHC9K7" failures="0" tests="2" name="com.hybrid.testcases.LoginPageTC" time="15.535" errors="0" timestamp="14 Sep 2022 06:22:10 GMT" skipped="0">
  <testcase classname="com.hybrid.testcases.LoginPageTC" name="loginTest" time="5.674"/>
  <testcase classname="com.hybrid.testcases.LoginPageTC" name="verifyLoginPageTitleTest" time="9.861"/>
</testsuite> <!-- com.hybrid.testcases.LoginPageTC -->
