<?xml version="1.0" encoding="UTF-8"?>
<!-- Generated by org.testng.reporters.JUnitReportReporter -->
<testsuite hostname="DESKTOP-LKHC9K7" failures="0" tests="2" name="com.hybrid.testcases.CheckoutPageTC" time="12.293" errors="0" timestamp="14 Sep 2022 06:22:10 GMT" skipped="0">
  <testcase classname="com.hybrid.testcases.CheckoutPageTC" name="verifyCheckoutPageTitleTest" time="4.900"/>
  <testcase classname="com.hybrid.testcases.CheckoutPageTC" name="verifyContinueBtnTest" time="7.393"/>
</testsuite> <!-- com.hybrid.testcases.CheckoutPageTC -->
