<?xml version="1.0" encoding="UTF-8"?>
<!-- Generated by org.testng.reporters.JUnitReportReporter -->
<testsuite hostname="DESKTOP-LKHC9K7" failures="0" tests="5" name="com.hybrid.testcases.ProductsPageTC" time="32.649" errors="0" timestamp="14 Sep 2022 06:22:10 GMT" skipped="0">
  <testcase classname="com.hybrid.testcases.ProductsPageTC" name="verifyProductsPageTitleTest" time="6.072"/>
  <testcase classname="com.hybrid.testcases.ProductsPageTC" name="validateBackpackNameTest" time="5.515"/>
  <testcase classname="com.hybrid.testcases.ProductsPageTC" name="verifyAddToCartBtnTest" time="6.458"/>
  <testcase classname="com.hybrid.testcases.ProductsPageTC" name="verifyBackpackNameTest" time="8.244"/>
  <testcase classname="com.hybrid.testcases.ProductsPageTC" name="verifyCartBtnTest" time="6.360"/>
</testsuite> <!-- com.hybrid.testcases.ProductsPageTC -->
